Mono path[0] = 'F:/SteamLibrary/steamapps/common/Supermarket Together/Supermarket Together_Data/Managed'
Mono config path = 'F:/SteamLibrary/steamapps/common/Supermarket Together/MonoBleedingEdge/etc'
[Physics::Module] Initialized MultithreadedJobDispatcher with 23 workers.
Initialize engine version: 2023.1.9f1 (f3f94c8cdc49)
[Subsystems] Discovering subsystems at path F:/SteamLibrary/steamapps/common/Supermarket Together/Supermarket Together_Data/UnitySubsystems
Split Graphics Jobs are not supported on Direct3D 11. Reverting to Native Graphics Jobs instead.
GfxDevice: creating device client; threaded=1; jobified=1
Direct3D:
    Version:  Direct3D 11.0 [level 11.1]
    Renderer: NVIDIA GeForce RTX 3060 (ID=0x2487)
    Vendor:   NVIDIA
    VRAM:     12110 MB
    Driver:   32.0.15.6081
Begin MonoManager ReloadAssembly
- Loaded All Assemblies, in  5.869 seconds
- Finished resetting the current domain, in  0.001 seconds
[3D WebView] Using Vuplex 3D WebView for Windows v4.5
<RI> Initializing input.
<RI> Input initialized.
<RI> Initialized touch support.
UnloadTime: 5.082800 ms
[3D WebView] System info (used by Vuplex support):
Unity version: 2023.1.9f1
Development build: False
OS version: Windows 10  (10.0.19045) 64bit
Device model: B550 AORUS PRO V2 (Gigabyte Technology Co., Ltd.)
Graphics API: Direct3D11
Rendering threading mode: LegacyJobified
Render pipeline: URP-HighFidelity (UnityEngine.Rendering.Universal.UniversalRenderPipelineAsset)
SRP Batcher: True
ThreadLog initialized.
DontDestroyOnLoad only works for root GameObjects or components on root GameObjects.
Unloading 6 Unused Serialized files (Serialized files now loaded: 0)
UnloadTime: 5.965600 ms
Unloading 207 unused Assets to reduce memory usage. Loaded Objects now: 67341.
Total: 26.012100 ms (FindLiveObjects: 5.248400 ms CreateObjectMapping: 3.157600 ms MarkObjects: 16.481400 ms  DeleteObjects: 1.124600 ms)

Local host started from Manager
Unexpected timestamp values detected. This can occur in H.264 videos not encoded with the baseline profile. Timestamps will be skewed to correct the playback for F:/SteamLibrary/steamapps/common/Supermarket Together/Supermarket Together_Data/sharedassets1.resource
Steam Overlay has been activated
Steam Overlay has been closed
Host stopped
Unloading 4 Unused Serialized files (Serialized files now loaded: 0)
UnloadTime: 22.656700 ms
Unloading 929 unused Assets to reduce memory usage. Loaded Objects now: 34282.
Total: 39.613600 ms (FindLiveObjects: 1.979100 ms CreateObjectMapping: 1.242200 ms MarkObjects: 22.195000 ms  DeleteObjects: 14.196900 ms)

Unloading 4 Unused Serialized files (Serialized files now loaded: 0)
UnloadTime: 2.857500 ms
Unloading 202 unused Assets to reduce memory usage. Loaded Objects now: 67297.
Total: 22.125900 ms (FindLiveObjects: 4.608800 ms CreateObjectMapping: 2.687900 ms MarkObjects: 14.290900 ms  DeleteObjects: 0.538200 ms)

Lobby created successfully
Starting server [SteamSockets].
Server started listening
Unexpected timestamp values detected. This can occur in H.264 videos not encoded with the baseline profile. Timestamps will be skewed to correct the playback for F:/SteamLibrary/steamapps/common/Supermarket Together/Supermarket Together_Data/sharedassets1.resource
Steam Overlay has been activated
Steam Overlay has been closed
<RI.Hid> Failed to create device file:
 20 The process cannot access the file because it is being used by another process.
Accepting connection 76561198424271222
Connection 76561198424271222 state changed: k_ESteamNetworkingConnectionState_FindingRoute
Client with SteamID 76561198424271222 connected. Assigning connection id 1
AddEventHandlerComponent: PlayMakerLateUpdate
Accepting connection 76561198143696117
Connection 76561198143696117 state changed: k_ESteamNetworkingConnectionState_FindingRoute
Client with SteamID 76561198143696117 connected. Assigning connection id 2
AddEventHandlerComponent: PlayMakerLateUpdate
First video frame not zero: 4 (0.133467s). Result may be out of sync. Please make sure tracks all start at 0 in F:/SteamLibrary/steamapps/common/Supermarket Together/Supermarket Together_Data/sharedassets1.resource
Steam Overlay has been activated
Steam Overlay has been closed
First video frame not zero: 4 (0.166833s). Result may be out of sync. Please make sure tracks all start at 0 in F:/SteamLibrary/steamapps/common/Supermarket Together/Supermarket Together_Data/sharedassets1.resource
First video frame not zero: 4 (0.166667s). Result may be out of sync. Please make sure tracks all start at 0 in F:/SteamLibrary/steamapps/common/Supermarket Together/Supermarket Together_Data/sharedassets1.resource
Accepting connection 76561198187945869
Connection 76561198187945869 state changed: k_ESteamNetworkingConnectionState_FindingRoute
Client with SteamID 76561198187945869 connected. Assigning connection id 3
AddEventHandlerComponent: PlayMakerLateUpdate
AddEventHandlerComponent: PlayMakerLateUpdate
AddEventHandlerComponent: PlayMakerLateUpdate
Setting linear velocity of a kinematic body is not supported.
Setting angular velocity of a kinematic body is not supported.
Setting linear velocity of a kinematic body is not supported.
Setting angular velocity of a kinematic body is not supported.
Setting linear velocity of a kinematic body is not supported.
Setting angular velocity of a kinematic body is not supported.
Setting linear velocity of a kinematic body is not supported.
Setting angular velocity of a kinematic body is not supported.
Setting linear velocity of a kinematic body is not supported.
Setting angular velocity of a kinematic body is not supported.
Setting linear velocity of a kinematic body is not supported.
Setting angular velocity of a kinematic body is not supported.
Setting linear velocity of a kinematic body is not supported.
Setting angular velocity of a kinematic body is not supported.
Setting linear velocity of a kinematic body is not supported.
Setting angular velocity of a kinematic body is not supported.
Setting linear velocity of a kinematic body is not supported.
Setting angular velocity of a kinematic body is not supported.
Setting linear velocity of a kinematic body is not supported.
Setting angular velocity of a kinematic body is not supported.
Setting linear velocity of a kinematic body is not supported.
Setting angular velocity of a kinematic body is not supported.
Setting linear velocity of a kinematic body is not supported.
Setting angular velocity of a kinematic body is not supported.
Setting linear velocity of a kinematic body is not supported.
Setting angular velocity of a kinematic body is not supported.
Setting linear velocity of a kinematic body is not supported.
Setting angular velocity of a kinematic body is not supported.
Setting linear velocity of a kinematic body is not supported.
Setting angular velocity of a kinematic body is not supported.
Setting linear velocity of a kinematic body is not supported.
Setting angular velocity of a kinematic body is not supported.
Setting linear velocity of a kinematic body is not supported.
Setting angular velocity of a kinematic body is not supported.
AddEventHandlerComponent: PlayMakerLateUpdate
AddEventHandlerComponent: PlayMakerLateUpdate
AddEventHandlerComponent: PlayMakerLateUpdate
AddEventHandlerComponent: PlayMakerLateUpdate
Setting linear velocity of a kinematic body is not supported.
Setting angular velocity of a kinematic body is not supported.
AddEventHandlerComponent: PlayMakerTriggerEnter
AddEventHandlerComponent: PlayMakerLateUpdate
AddEventHandlerComponent: PlayMakerLateUpdate
AddEventHandlerComponent: PlayMakerLateUpdate
AddEventHandlerComponent: PlayMakerLateUpdate
AddEventHandlerComponent: PlayMakerLateUpdate
AddEventHandlerComponent: PlayMakerLateUpdate
AddEventHandlerComponent: PlayMakerLateUpdate
AddEventHandlerComponent: PlayMakerLateUpdate
AddEventHandlerComponent: PlayMakerLateUpdate
AddEventHandlerComponent: PlayMakerLateUpdate
AddEventHandlerComponent: PlayMakerLateUpdate
AddEventHandlerComponent: PlayMakerLateUpdate
AddEventHandlerComponent: PlayMakerLateUpdate
AddEventHandlerComponent: PlayMakerLateUpdate
AddEventHandlerComponent: PlayMakerLateUpdate
AddEventHandlerComponent: PlayMakerLateUpdate
AddEventHandlerComponent: PlayMakerLateUpdate
AddEventHandlerComponent: PlayMakerLateUpdate
AddEventHandlerComponent: PlayMakerLateUpdate
AddEventHandlerComponent: PlayMakerLateUpdate
AddEventHandlerComponent: PlayMakerLateUpdate
AddEventHandlerComponent: PlayMakerLateUpdate
AddEventHandlerComponent: PlayMakerLateUpdate
AddEventHandlerComponent: PlayMakerLateUpdate
AddEventHandlerComponent: PlayMakerLateUpdate
AddEventHandlerComponent: PlayMakerLateUpdate
AddEventHandlerComponent: PlayMakerLateUpdate
AddEventHandlerComponent: PlayMakerLateUpdate
AddEventHandlerComponent: PlayMakerLateUpdate
AddEventHandlerComponent: PlayMakerLateUpdate
AddEventHandlerComponent: PlayMakerLateUpdate
AddEventHandlerComponent: PlayMakerLateUpdate
AddEventHandlerComponent: PlayMakerLateUpdate
AddEventHandlerComponent: PlayMakerLateUpdate
AddEventHandlerComponent: PlayMakerLateUpdate
AddEventHandlerComponent: PlayMakerLateUpdate
AddEventHandlerComponent: PlayMakerLateUpdate
AddEventHandlerComponent: PlayMakerLateUpdate
AddEventHandlerComponent: PlayMakerLateUpdate
AddEventHandlerComponent: PlayMakerLateUpdate
AddEventHandlerComponent: PlayMakerTriggerEnter
AddEventHandlerComponent: PlayMakerLateUpdate
AddEventHandlerComponent: PlayMakerLateUpdate
AddEventHandlerComponent: PlayMakerLateUpdate
AddEventHandlerComponent: PlayMakerLateUpdate
AddEventHandlerComponent: PlayMakerLateUpdate
AddEventHandlerComponent: PlayMakerLateUpdate
AddEventHandlerComponent: PlayMakerLateUpdate
AddEventHandlerComponent: PlayMakerLateUpdate
AddEventHandlerComponent: PlayMakerLateUpdate
AddEventHandlerComponent: PlayMakerLateUpdate
AddEventHandlerComponent: PlayMakerLateUpdate
AddEventHandlerComponent: PlayMakerLateUpdate
AddEventHandlerComponent: PlayMakerLateUpdate
AddEventHandlerComponent: PlayMakerLateUpdate
AddEventHandlerComponent: PlayMakerLateUpdate
AddEventHandlerComponent: PlayMakerLateUpdate
AddEventHandlerComponent: PlayMakerLateUpdate
AddEventHandlerComponent: PlayMakerLateUpdate
AddEventHandlerComponent: PlayMakerLateUpdate
AddEventHandlerComponent: PlayMakerLateUpdate
Setting linear velocity of a kinematic body is not supported.
Setting angular velocity of a kinematic body is not supported.
AddEventHandlerComponent: PlayMakerLateUpdate
AddEventHandlerComponent: PlayMakerLateUpdate
AddEventHandlerComponent: PlayMakerLateUpdate
AddEventHandlerComponent: PlayMakerLateUpdate
AddEventHandlerComponent: PlayMakerLateUpdate
AddEventHandlerComponent: PlayMakerLateUpdate
AddEventHandlerComponent: PlayMakerLateUpdate
AddEventHandlerComponent: PlayMakerLateUpdate
AddEventHandlerComponent: PlayMakerLateUpdate
AddEventHandlerComponent: PlayMakerLateUpdate
Spawned object not found when handling Command message netId=2164
Spawned object not found when handling Command message netId=2171
Spawned object not found when handling Command message netId=2173
Spawned object not found when handling Command message netId=2177
Spawned object not found when handling Command message netId=2182
AddEventHandlerComponent: PlayMakerLateUpdate
Setting linear velocity of a kinematic body is not supported.
Setting angular velocity of a kinematic body is not supported.
AddEventHandlerComponent: PlayMakerLateUpdate
NetworkServer.Destroy(): object is null
Setting linear velocity of a kinematic body is not supported.
Setting angular velocity of a kinematic body is not supported.
Client with ConnectionID 1 disconnected.
Connection 76561198424271222 state changed: k_ESteamNetworkingConnectionState_None
Setting linear velocity of a kinematic body is not supported.
Setting angular velocity of a kinematic body is not supported.
AddEventHandlerComponent: PlayMakerLateUpdate
AddEventHandlerComponent: PlayMakerLateUpdate
AddEventHandlerComponent: PlayMakerLateUpdate
AddEventHandlerComponent: PlayMakerLateUpdate
Setting linear velocity of a kinematic body is not supported.
Setting angular velocity of a kinematic body is not supported.
AddEventHandlerComponent: PlayMakerLateUpdate
AddEventHandlerComponent: PlayMakerLateUpdate
AddEventHandlerComponent: PlayMakerLateUpdate
AddEventHandlerComponent: PlayMakerLateUpdate
Setting linear velocity of a kinematic body is not supported.
Setting angular velocity of a kinematic body is not supported.
Setting linear velocity of a kinematic body is not supported.
Setting angular velocity of a kinematic body is not supported.
Setting linear velocity of a kinematic body is not supported.
Setting angular velocity of a kinematic body is not supported.
Setting linear velocity of a kinematic body is not supported.
Setting angular velocity of a kinematic body is not supported.
Setting linear velocity of a kinematic body is not supported.
Setting angular velocity of a kinematic body is not supported.
Setting linear velocity of a kinematic body is not supported.
Setting angular velocity of a kinematic body is not supported.
Setting linear velocity of a kinematic body is not supported.
Setting angular velocity of a kinematic body is not supported.
Setting linear velocity of a kinematic body is not supported.
Setting angular velocity of a kinematic body is not supported.
Setting linear velocity of a kinematic body is not supported.
Setting angular velocity of a kinematic body is not supported.
Setting linear velocity of a kinematic body is not supported.
Setting angular velocity of a kinematic body is not supported.
Setting linear velocity of a kinematic body is not supported.
Setting angular velocity of a kinematic body is not supported.
Setting linear velocity of a kinematic body is not supported.
Setting angular velocity of a kinematic body is not supported.
Setting linear velocity of a kinematic body is not supported.
Setting angular velocity of a kinematic body is not supported.
Setting linear velocity of a kinematic body is not supported.
Setting angular velocity of a kinematic body is not supported.
Setting linear velocity of a kinematic body is not supported.
Setting angular velocity of a kinematic body is not supported.
Setting linear velocity of a kinematic body is not supported.
Setting angular velocity of a kinematic body is not supported.
Setting linear velocity of a kinematic body is not supported.
Setting angular velocity of a kinematic body is not supported.
Setting linear velocity of a kinematic body is not supported.
Setting angular velocity of a kinematic body is not supported.
Setting linear velocity of a kinematic body is not supported.
Setting angular velocity of a kinematic body is not supported.
Setting linear velocity of a kinematic body is not supported.
Setting angular velocity of a kinematic body is not supported.
Setting linear velocity of a kinematic body is not supported.
Setting angular velocity of a kinematic body is not supported.
Setting linear velocity of a kinematic body is not supported.
Setting angular velocity of a kinematic body is not supported.
Setting linear velocity of a kinematic body is not supported.
Setting angular velocity of a kinematic body is not supported.
Setting linear velocity of a kinematic body is not supported.
Setting angular velocity of a kinematic body is not supported.
Setting linear velocity of a kinematic body is not supported.
Setting angular velocity of a kinematic body is not supported.
Setting linear velocity of a kinematic body is not supported.
Setting angular velocity of a kinematic body is not supported.
Setting linear velocity of a kinematic body is not supported.
Setting angular velocity of a kinematic body is not supported.
Setting linear velocity of a kinematic body is not supported.
Setting angular velocity of a kinematic body is not supported.
Setting linear velocity of a kinematic body is not supported.
Setting angular velocity of a kinematic body is not supported.
Client with ConnectionID 3 disconnected.
Connection 76561198187945869 state changed: k_ESteamNetworkingConnectionState_None
Setting linear velocity of a kinematic body is not supported.
Setting angular velocity of a kinematic body is not supported.
Setting linear velocity of a kinematic body is not supported.
Setting angular velocity of a kinematic body is not supported.
Setting linear velocity of a kinematic body is not supported.
Setting angular velocity of a kinematic body is not supported.
Setting linear velocity of a kinematic body is not supported.
Setting angular velocity of a kinematic body is not supported.
Setting linear velocity of a kinematic body is not supported.
Setting angular velocity of a kinematic body is not supported.
Setting linear velocity of a kinematic body is not supported.
Setting angular velocity of a kinematic body is not supported.
Setting linear velocity of a kinematic body is not supported.
Setting angular velocity of a kinematic body is not supported.
Setting linear velocity of a kinematic body is not supported.
Setting angular velocity of a kinematic body is not supported.
Setting linear velocity of a kinematic body is not supported.
Setting angular velocity of a kinematic body is not supported.
Setting linear velocity of a kinematic body is not supported.
Setting angular velocity of a kinematic body is not supported.
Setting linear velocity of a kinematic body is not supported.
Setting angular velocity of a kinematic body is not supported.
Setting linear velocity of a kinematic body is not supported.
Setting angular velocity of a kinematic body is not supported.
Setting linear velocity of a kinematic body is not supported.
Setting angular velocity of a kinematic body is not supported.
Setting linear velocity of a kinematic body is not supported.
Setting angular velocity of a kinematic body is not supported.
Setting linear velocity of a kinematic body is not supported.
Setting angular velocity of a kinematic body is not supported.
Setting linear velocity of a kinematic body is not supported.
Setting angular velocity of a kinematic body is not supported.
Setting linear velocity of a kinematic body is not supported.
Setting angular velocity of a kinematic body is not supported.
Setting linear velocity of a kinematic body is not supported.
Setting angular velocity of a kinematic body is not supported.
Setting linear velocity of a kinematic body is not supported.
Setting angular velocity of a kinematic body is not supported.
Setting linear velocity of a kinematic body is not supported.
Setting angular velocity of a kinematic body is not supported.
Setting linear velocity of a kinematic body is not supported.
Setting angular velocity of a kinematic body is not supported.
Setting linear velocity of a kinematic body is not supported.
Setting angular velocity of a kinematic body is not supported.
Setting linear velocity of a kinematic body is not supported.
Setting angular velocity of a kinematic body is not supported.
Setting linear velocity of a kinematic body is not supported.
Setting angular velocity of a kinematic body is not supported.
Setting linear velocity of a kinematic body is not supported.
Setting angular velocity of a kinematic body is not supported.
Setting linear velocity of a kinematic body is not supported.
Setting angular velocity of a kinematic body is not supported.
Setting linear velocity of a kinematic body is not supported.
Setting angular velocity of a kinematic body is not supported.
Setting linear velocity of a kinematic body is not supported.
Setting angular velocity of a kinematic body is not supported.
Setting linear velocity of a kinematic body is not supported.
Setting angular velocity of a kinematic body is not supported.
Setting linear velocity of a kinematic body is not supported.
Setting angular velocity of a kinematic body is not supported.
Setting linear velocity of a kinematic body is not supported.
Setting angular velocity of a kinematic body is not supported.
Setting linear velocity of a kinematic body is not supported.
Setting angular velocity of a kinematic body is not supported.
Setting linear velocity of a kinematic body is not supported.
Setting angular velocity of a kinematic body is not supported.
Setting linear velocity of a kinematic body is not supported.
Setting angular velocity of a kinematic body is not supported.
Setting linear velocity of a kinematic body is not supported.
Setting angular velocity of a kinematic body is not supported.
Setting linear velocity of a kinematic body is not supported.
Setting angular velocity of a kinematic body is not supported.
Setting linear velocity of a kinematic body is not supported.
Setting angular velocity of a kinematic body is not supported.
Setting linear velocity of a kinematic body is not supported.
Setting angular velocity of a kinematic body is not supported.
Setting linear velocity of a kinematic body is not supported.
Setting angular velocity of a kinematic body is not supported.
Setting linear velocity of a kinematic body is not supported.
Setting angular velocity of a kinematic body is not supported.
Setting linear velocity of a kinematic body is not supported.
Setting angular velocity of a kinematic body is not supported.
Setting linear velocity of a kinematic body is not supported.
Setting angular velocity of a kinematic body is not supported.
Setting linear velocity of a kinematic body is not supported.
Setting angular velocity of a kinematic body is not supported.
Setting linear velocity of a kinematic body is not supported.
Setting angular velocity of a kinematic body is not supported.
Setting linear velocity of a kinematic body is not supported.
Setting angular velocity of a kinematic body is not supported.
Setting linear velocity of a kinematic body is not supported.
Setting angular velocity of a kinematic body is not supported.
Setting linear velocity of a kinematic body is not supported.
Setting angular velocity of a kinematic body is not supported.
Setting linear velocity of a kinematic body is not supported.
Setting angular velocity of a kinematic body is not supported.
Setting linear velocity of a kinematic body is not supported.
Setting angular velocity of a kinematic body is not supported.
Setting linear velocity of a kinematic body is not supported.
Setting angular velocity of a kinematic body is not supported.
Setting linear velocity of a kinematic body is not supported.
Setting angular velocity of a kinematic body is not supported.
Setting linear velocity of a kinematic body is not supported.
Setting angular velocity of a kinematic body is not supported.
Setting linear velocity of a kinematic body is not supported.
Setting angular velocity of a kinematic body is not supported.
Setting linear velocity of a kinematic body is not supported.
Setting angular velocity of a kinematic body is not supported.
Setting linear velocity of a kinematic body is not supported.
Setting angular velocity of a kinematic body is not supported.
Setting linear velocity of a kinematic body is not supported.
Setting angular velocity of a kinematic body is not supported.
Setting linear velocity of a kinematic body is not supported.
Setting angular velocity of a kinematic body is not supported.
Setting linear velocity of a kinematic body is not supported.
Setting angular velocity of a kinematic body is not supported.
Setting linear velocity of a kinematic body is not supported.
Setting angular velocity of a kinematic body is not supported.
Setting linear velocity of a kinematic body is not supported.
Setting angular velocity of a kinematic body is not supported.
Setting linear velocity of a kinematic body is not supported.
Setting angular velocity of a kinematic body is not supported.
Setting linear velocity of a kinematic body is not supported.
Setting angular velocity of a kinematic body is not supported.
Setting linear velocity of a kinematic body is not supported.
Setting angular velocity of a kinematic body is not supported.
Setting linear velocity of a kinematic body is not supported.
Setting angular velocity of a kinematic body is not supported.
Setting linear velocity of a kinematic body is not supported.
Setting angular velocity of a kinematic body is not supported.
AddEventHandlerComponent: PlayMakerLateUpdate
Setting linear velocity of a kinematic body is not supported.
Setting angular velocity of a kinematic body is not supported.
Setting linear velocity of a kinematic body is not supported.
Setting angular velocity of a kinematic body is not supported.
Setting linear velocity of a kinematic body is not supported.
Setting angular velocity of a kinematic body is not supported.
Setting linear velocity of a kinematic body is not supported.
Setting angular velocity of a kinematic body is not supported.
Setting linear velocity of a kinematic body is not supported.
Setting angular velocity of a kinematic body is not supported.
Setting linear velocity of a kinematic body is not supported.
Setting angular velocity of a kinematic body is not supported.
Setting linear velocity of a kinematic body is not supported.
Setting angular velocity of a kinematic body is not supported.
Setting linear velocity of a kinematic body is not supported.
Setting angular velocity of a kinematic body is not supported.
Setting linear velocity of a kinematic body is not supported.
Setting angular velocity of a kinematic body is not supported.
Setting linear velocity of a kinematic body is not supported.
Setting angular velocity of a kinematic body is not supported.
Setting linear velocity of a kinematic body is not supported.
Setting angular velocity of a kinematic body is not supported.
Setting linear velocity of a kinematic body is not supported.
Setting angular velocity of a kinematic body is not supported.
Setting linear velocity of a kinematic body is not supported.
Setting angular velocity of a kinematic body is not supported.
AddEventHandlerComponent: PlayMakerLateUpdate
AddEventHandlerComponent: PlayMakerLateUpdate
Setting linear velocity of a kinematic body is not supported.
Setting angular velocity of a kinematic body is not supported.
Setting linear velocity of a kinematic body is not supported.
Setting angular velocity of a kinematic body is not supported.
Setting linear velocity of a kinematic body is not supported.
Setting angular velocity of a kinematic body is not supported.
Setting linear velocity of a kinematic body is not supported.
Setting angular velocity of a kinematic body is not supported.
Setting linear velocity of a kinematic body is not supported.
Setting angular velocity of a kinematic body is not supported.
Setting linear velocity of a kinematic body is not supported.
Setting angular velocity of a kinematic body is not supported.
Setting linear velocity of a kinematic body is not supported.
Setting angular velocity of a kinematic body is not supported.
Setting linear velocity of a kinematic body is not supported.
Setting angular velocity of a kinematic body is not supported.
Setting linear velocity of a kinematic body is not supported.
Setting angular velocity of a kinematic body is not supported.
Setting linear velocity of a kinematic body is not supported.
Setting angular velocity of a kinematic body is not supported.
Setting linear velocity of a kinematic body is not supported.
Setting angular velocity of a kinematic body is not supported.
Setting linear velocity of a kinematic body is not supported.
Setting angular velocity of a kinematic body is not supported.
Setting linear velocity of a kinematic body is not supported.
Setting angular velocity of a kinematic body is not supported.
Setting linear velocity of a kinematic body is not supported.
Setting angular velocity of a kinematic body is not supported.
Setting linear velocity of a kinematic body is not supported.
Setting angular velocity of a kinematic body is not supported.
Setting linear velocity of a kinematic body is not supported.
Setting angular velocity of a kinematic body is not supported.
Setting linear velocity of a kinematic body is not supported.
Setting angular velocity of a kinematic body is not supported.
Setting linear velocity of a kinematic body is not supported.
Setting angular velocity of a kinematic body is not supported.
Setting linear velocity of a kinematic body is not supported.
Setting angular velocity of a kinematic body is not supported.
Setting linear velocity of a kinematic body is not supported.
Setting angular velocity of a kinematic body is not supported.
Setting linear velocity of a kinematic body is not supported.
Setting angular velocity of a kinematic body is not supported.
AddEventHandlerComponent: PlayMakerTriggerEnter
AddEventHandlerComponent: PlayMakerLateUpdate
Setting linear velocity of a kinematic body is not supported.
Setting angular velocity of a kinematic body is not supported.
Setting linear velocity of a kinematic body is not supported.
Setting angular velocity of a kinematic body is not supported.
Setting linear velocity of a kinematic body is not supported.
Setting angular velocity of a kinematic body is not supported.
Setting linear velocity of a kinematic body is not supported.
Setting angular velocity of a kinematic body is not supported.
Setting linear velocity of a kinematic body is not supported.
Setting angular velocity of a kinematic body is not supported.
Setting linear velocity of a kinematic body is not supported.
Setting angular velocity of a kinematic body is not supported.
AddEventHandlerComponent: PlayMakerLateUpdate
Setting linear velocity of a kinematic body is not supported.
Setting angular velocity of a kinematic body is not supported.
Setting linear velocity of a kinematic body is not supported.
Setting angular velocity of a kinematic body is not supported.
Setting linear velocity of a kinematic body is not supported.
Setting angular velocity of a kinematic body is not supported.
Setting linear velocity of a kinematic body is not supported.
Setting angular velocity of a kinematic body is not supported.
Setting linear velocity of a kinematic body is not supported.
Setting angular velocity of a kinematic body is not supported.
Setting linear velocity of a kinematic body is not supported.
Setting angular velocity of a kinematic body is not supported.
Setting linear velocity of a kinematic body is not supported.
Setting angular velocity of a kinematic body is not supported.
Setting linear velocity of a kinematic body is not supported.
Setting angular velocity of a kinematic body is not supported.
Setting linear velocity of a kinematic body is not supported.
Setting angular velocity of a kinematic body is not supported.
Setting linear velocity of a kinematic body is not supported.
Setting angular velocity of a kinematic body is not supported.
AddEventHandlerComponent: PlayMakerLateUpdate
AddEventHandlerComponent: PlayMakerLateUpdate
AddEventHandlerComponent: PlayMakerLateUpdate
AddEventHandlerComponent: PlayMakerLateUpdate
AddEventHandlerComponent: PlayMakerLateUpdate
AddEventHandlerComponent: PlayMakerLateUpdate
AddEventHandlerComponent: PlayMakerLateUpdate
AddEventHandlerComponent: PlayMakerLateUpdate
AddEventHandlerComponent: PlayMakerLateUpdate
AddEventHandlerComponent: PlayMakerLateUpdate
AddEventHandlerComponent: PlayMakerLateUpdate
AddEventHandlerComponent: PlayMakerLateUpdate
AddEventHandlerComponent: PlayMakerLateUpdate
AddEventHandlerComponent: PlayMakerLateUpdate
AddEventHandlerComponent: PlayMakerLateUpdate
AddEventHandlerComponent: PlayMakerLateUpdate
AddEventHandlerComponent: PlayMakerLateUpdate
AddEventHandlerComponent: PlayMakerLateUpdate
AddEventHandlerComponent: PlayMakerTriggerEnter
AddEventHandlerComponent: PlayMakerLateUpdate
AddEventHandlerComponent: PlayMakerLateUpdate
AddEventHandlerComponent: PlayMakerLateUpdate
AddEventHandlerComponent: PlayMakerLateUpdate
AddEventHandlerComponent: PlayMakerLateUpdate
AddEventHandlerComponent: PlayMakerLateUpdate
AddEventHandlerComponent: PlayMakerLateUpdate
AddEventHandlerComponent: PlayMakerLateUpdate
AddEventHandlerComponent: PlayMakerLateUpdate
AddEventHandlerComponent: PlayMakerLateUpdate
AddEventHandlerComponent: PlayMakerLateUpdate
AddEventHandlerComponent: PlayMakerLateUpdate
AddEventHandlerComponent: PlayMakerLateUpdate
AddEventHandlerComponent: PlayMakerLateUpdate
AddEventHandlerComponent: PlayMakerLateUpdate
AddEventHandlerComponent: PlayMakerLateUpdate
AddEventHandlerComponent: PlayMakerLateUpdate
AddEventHandlerComponent: PlayMakerLateUpdate
AddEventHandlerComponent: PlayMakerLateUpdate
AddEventHandlerComponent: PlayMakerLateUpdate
AddEventHandlerComponent: PlayMakerLateUpdate
AddEventHandlerComponent: PlayMakerLateUpdate
AddEventHandlerComponent: PlayMakerLateUpdate
AddEventHandlerComponent: PlayMakerLateUpdate
AddEventHandlerComponent: PlayMakerLateUpdate
AddEventHandlerComponent: PlayMakerLateUpdate
AddEventHandlerComponent: PlayMakerLateUpdate
AddEventHandlerComponent: PlayMakerLateUpdate
AddEventHandlerComponent: PlayMakerLateUpdate
AddEventHandlerComponent: PlayMakerLateUpdate
Client with ConnectionID 2 disconnected.
Connection 76561198143696117 state changed: k_ESteamNetworkingConnectionState_None
AddEventHandlerComponent: PlayMakerLateUpdate
AddEventHandlerComponent: PlayMakerTriggerEnter
AddEventHandlerComponent: PlayMakerLateUpdate
AddEventHandlerComponent: PlayMakerLateUpdate
AddEventHandlerComponent: PlayMakerLateUpdate
AddEventHandlerComponent: PlayMakerLateUpdate
AddEventHandlerComponent: PlayMakerLateUpdate
AddEventHandlerComponent: PlayMakerLateUpdate
AddEventHandlerComponent: PlayMakerLateUpdate
AddEventHandlerComponent: PlayMakerLateUpdate
AddEventHandlerComponent: PlayMakerLateUpdate
AddEventHandlerComponent: PlayMakerLateUpdate
AddEventHandlerComponent: PlayMakerLateUpdate
AddEventHandlerComponent: PlayMakerLateUpdate
AddEventHandlerComponent: PlayMakerLateUpdate
AddEventHandlerComponent: PlayMakerLateUpdate
AddEventHandlerComponent: PlayMakerLateUpdate
AddEventHandlerComponent: PlayMakerTriggerEnter
AddEventHandlerComponent: PlayMakerLateUpdate
AddEventHandlerComponent: PlayMakerLateUpdate
AddEventHandlerComponent: PlayMakerLateUpdate
AddEventHandlerComponent: PlayMakerLateUpdate
AddEventHandlerComponent: PlayMakerLateUpdate
AddEventHandlerComponent: PlayMakerLateUpdate
AddEventHandlerComponent: PlayMakerLateUpdate
AddEventHandlerComponent: PlayMakerLateUpdate
AddEventHandlerComponent: PlayMakerLateUpdate
AddEventHandlerComponent: PlayMakerLateUpdate
AddEventHandlerComponent: PlayMakerLateUpdate
AddEventHandlerComponent: PlayMakerLateUpdate
AddEventHandlerComponent: PlayMakerLateUpdate
AddEventHandlerComponent: PlayMakerLateUpdate
AddEventHandlerComponent: PlayMakerLateUpdate
AddEventHandlerComponent: PlayMakerLateUpdate
AddEventHandlerComponent: PlayMakerLateUpdate
AddEventHandlerComponent: PlayMakerLateUpdate
AddEventHandlerComponent: PlayMakerLateUpdate
AddEventHandlerComponent: PlayMakerLateUpdate
AddEventHandlerComponent: PlayMakerLateUpdate
AddEventHandlerComponent: PlayMakerLateUpdate
AddEventHandlerComponent: PlayMakerLateUpdate
AddEventHandlerComponent: PlayMakerLateUpdate
AddEventHandlerComponent: PlayMakerLateUpdate
AddEventHandlerComponent: PlayMakerLateUpdate
AddEventHandlerComponent: PlayMakerLateUpdate
AddEventHandlerComponent: PlayMakerTriggerEnter
AddEventHandlerComponent: PlayMakerLateUpdate
AddEventHandlerComponent: PlayMakerLateUpdate
AddEventHandlerComponent: PlayMakerLateUpdate
AddEventHandlerComponent: PlayMakerLateUpdate
AddEventHandlerComponent: PlayMakerLateUpdate
AddEventHandlerComponent: PlayMakerLateUpdate
AddEventHandlerComponent: PlayMakerLateUpdate
AddEventHandlerComponent: PlayMakerLateUpdate
Transport shut down - server.
Host stopped
Setting up 6 worker threads for Enlighten.
Memory Statistics:
[ALLOC_TEMP_TLS] TLS Allocator
  StackAllocators : 
    [ALLOC_TEMP_MAIN]
      Peak usage frame count: [8.0 KB-16.0 KB]: 5471 frames, [16.0 KB-32.0 KB]: 1 frames, [32.0 KB-64.0 KB]: 77123 frames, [64.0 KB-128.0 KB]: 484423 frames, [128.0 KB-256.0 KB]: 1646 frames, [256.0 KB-0.5 MB]: 1740 frames, [0.5 MB-1.0 MB]: 829 frames, [1.0 MB-2.0 MB]: 521 frames, [2.0 MB-4.0 MB]: 169 frames, [4.0 MB-8.0 MB]: 30 frames
      Initial Block Size 4.0 MB
      Current Block Size 7.8 MB
      Peak Allocated Bytes 7.8 MB
      Overflow Count 18
    [ALLOC_TEMP_Background Job.worker 11]
      Initial Block Size 32.0 KB
      Current Block Size 32.0 KB
      Peak Allocated Bytes 66 B
      Overflow Count 0
    [ALLOC_TEMP_Loading.PreloadManager]
      Initial Block Size 256.0 KB
      Current Block Size 0.5 MB
      Peak Allocated Bytes 511.7 KB
      Overflow Count 103950
    [ALLOC_TEMP_Background Job.worker 3]
      Initial Block Size 32.0 KB
      Current Block Size 32.0 KB
      Peak Allocated Bytes 66 B
      Overflow Count 0
    [ALLOC_TEMP_Background Job.worker 4]
      Initial Block Size 32.0 KB
      Current Block Size 32.0 KB
      Peak Allocated Bytes 66 B
      Overflow Count 0
    [ALLOC_TEMP_Job.worker 16]
      Initial Block Size 256.0 KB
      Current Block Size 256.0 KB
      Peak Allocated Bytes 96.0 KB
      Overflow Count 0
    [ALLOC_TEMP_Background Job.worker 7]
      Initial Block Size 32.0 KB
      Current Block Size 32.0 KB
      Peak Allocated Bytes 66 B
      Overflow Count 0
    [ALLOC_TEMP_Background Job.worker 6]
      Initial Block Size 32.0 KB
      Current Block Size 32.0 KB
      Peak Allocated Bytes 66 B
      Overflow Count 0
    [ALLOC_TEMP_Job.worker 19]
      Initial Block Size 256.0 KB
      Current Block Size 256.0 KB
      Peak Allocated Bytes 96.0 KB
      Overflow Count 0
    [ALLOC_TEMP_Background Job.worker 12]
      Initial Block Size 32.0 KB
      Current Block Size 32.0 KB
      Peak Allocated Bytes 66 B
      Overflow Count 0
    [ALLOC_TEMP_Background Job.worker 2]
      Initial Block Size 32.0 KB
      Current Block Size 32.0 KB
      Peak Allocated Bytes 66 B
      Overflow Count 0
    [ALLOC_TEMP_Background Job.worker 10]
      Initial Block Size 32.0 KB
      Current Block Size 32.0 KB
      Peak Allocated Bytes 66 B
      Overflow Count 0
    [ALLOC_TEMP_Background Job.worker 15]
      Initial Block Size 32.0 KB
      Current Block Size 32.0 KB
      Peak Allocated Bytes 66 B
      Overflow Count 0
    [ALLOC_TEMP_Job.worker 20]
      Initial Block Size 256.0 KB
      Current Block Size 256.0 KB
      Peak Allocated Bytes 96.0 KB
      Overflow Count 0
    [ALLOC_TEMP_Job.worker 5]
      Initial Block Size 256.0 KB
      Current Block Size 256.0 KB
      Peak Allocated Bytes 96.0 KB
      Overflow Count 0
    [ALLOC_TEMP_Background Job.worker 8]
      Initial Block Size 32.0 KB
      Current Block Size 32.0 KB
      Peak Allocated Bytes 66 B
      Overflow Count 0
    [ALLOC_TEMP_Background Job.worker 13]
      Initial Block Size 32.0 KB
      Current Block Size 32.0 KB
      Peak Allocated Bytes 66 B
      Overflow Count 0
    [ALLOC_TEMP_AssetGarbageCollectorHelper] x 23
      Initial Block Size 64.0 KB
      Current Block Size 64.0 KB
      Peak Allocated Bytes 66 B
      Overflow Count 0
    [ALLOC_TEMP_Background Job.worker 0]
      Initial Block Size 32.0 KB
      Current Block Size 32.0 KB
      Peak Allocated Bytes 66 B
      Overflow Count 0
    [ALLOC_TEMP_Job.worker 6]
      Initial Block Size 256.0 KB
      Current Block Size 256.0 KB
      Peak Allocated Bytes 96.0 KB
      Overflow Count 0
    [ALLOC_TEMP_Job.worker 8]
      Initial Block Size 256.0 KB
      Current Block Size 256.0 KB
      Peak Allocated Bytes 96.0 KB
      Overflow Count 0
    [ALLOC_TEMP_Background Job.worker 14]
      Initial Block Size 32.0 KB
      Current Block Size 32.0 KB
      Peak Allocated Bytes 66 B
      Overflow Count 0
    [ALLOC_TEMP_BatchDeleteObjects]
      Initial Block Size 64.0 KB
      Current Block Size 64.0 KB
      Peak Allocated Bytes 66 B
      Overflow Count 0
    [ALLOC_TEMP_Job.worker 11]
      Initial Block Size 256.0 KB
      Current Block Size 256.0 KB
      Peak Allocated Bytes 96.0 KB
      Overflow Count 0
    [ALLOC_TEMP_Job.worker 15]
      Initial Block Size 256.0 KB
      Current Block Size 256.0 KB
      Peak Allocated Bytes 96.0 KB
      Overflow Count 0
    [ALLOC_TEMP_Background Job.worker 9]
      Initial Block Size 32.0 KB
      Current Block Size 32.0 KB
      Peak Allocated Bytes 66 B
      Overflow Count 0
    [ALLOC_TEMP_Job.worker 0]
      Initial Block Size 256.0 KB
      Current Block Size 256.0 KB
      Peak Allocated Bytes 96.0 KB
      Overflow Count 0
    [ALLOC_TEMP_Job.worker 4]
      Initial Block Size 256.0 KB
      Current Block Size 256.0 KB
      Peak Allocated Bytes 96.0 KB
      Overflow Count 0
    [ALLOC_TEMP_Job.worker 14]
      Initial Block Size 256.0 KB
      Current Block Size 256.0 KB
      Peak Allocated Bytes 96.0 KB
      Overflow Count 0
    [ALLOC_TEMP_Job.worker 13]
      Initial Block Size 256.0 KB
      Current Block Size 256.0 KB
      Peak Allocated Bytes 96.0 KB
      Overflow Count 0
    [ALLOC_TEMP_Background Job.worker 1]
      Initial Block Size 32.0 KB
      Current Block Size 32.0 KB
      Peak Allocated Bytes 0.8 KB
      Overflow Count 0
    [ALLOC_TEMP_EnlightenWorker] x 6
      Initial Block Size 64.0 KB
      Current Block Size 64.0 KB
      Peak Allocated Bytes 0 B
      Overflow Count 0
    [ALLOC_TEMP_Job.worker 1]
      Initial Block Size 256.0 KB
      Current Block Size 256.0 KB
      Peak Allocated Bytes 96.0 KB
      Overflow Count 0
    [ALLOC_TEMP_Job.worker 21]
      Initial Block Size 256.0 KB
      Current Block Size 256.0 KB
      Peak Allocated Bytes 96.0 KB
      Overflow Count 0
    [ALLOC_TEMP_Job.worker 3]
      Initial Block Size 256.0 KB
      Current Block Size 256.0 KB
      Peak Allocated Bytes 99.6 KB
      Overflow Count 0
    [ALLOC_TEMP_Background Job.worker 5]
      Initial Block Size 32.0 KB
      Current Block Size 32.0 KB
      Peak Allocated Bytes 66 B
      Overflow Count 0
    [ALLOC_TEMP_Job.worker 12]
      Initial Block Size 256.0 KB
      Current Block Size 256.0 KB
      Peak Allocated Bytes 96.0 KB
      Overflow Count 0
    [ALLOC_TEMP_UnityGfxDeviceWorker]
      Initial Block Size 256.0 KB
      Current Block Size 256.0 KB
      Peak Allocated Bytes 48.8 KB
      Overflow Count 0
    [ALLOC_TEMP_Job.worker 22]
      Initial Block Size 256.0 KB
      Current Block Size 256.0 KB
      Peak Allocated Bytes 96.0 KB
      Overflow Count 0
    [ALLOC_TEMP_Job.worker 2]
      Initial Block Size 256.0 KB
      Current Block Size 256.0 KB
      Peak Allocated Bytes 99.6 KB
      Overflow Count 0
    [ALLOC_TEMP_Job.worker 10]
      Initial Block Size 256.0 KB
      Current Block Size 256.0 KB
      Peak Allocated Bytes 96.0 KB
      Overflow Count 0
    [ALLOC_TEMP_Job.worker 17]
      Initial Block Size 256.0 KB
      Current Block Size 256.0 KB
      Peak Allocated Bytes 96.0 KB
      Overflow Count 0
    [ALLOC_TEMP_Job.worker 7]
      Initial Block Size 256.0 KB
      Current Block Size 256.0 KB
      Peak Allocated Bytes 96.0 KB
      Overflow Count 0
    [ALLOC_TEMP_Job.worker 9]
      Initial Block Size 256.0 KB
      Current Block Size 256.0 KB
      Peak Allocated Bytes 96.0 KB
      Overflow Count 0
    [ALLOC_TEMP_Job.worker 18]
      Initial Block Size 256.0 KB
      Current Block Size 256.0 KB
      Peak Allocated Bytes 96.0 KB
      Overflow Count 0
    [ALLOC_TEMP_Loading.AsyncRead]
      Initial Block Size 64.0 KB
      Current Block Size 64.0 KB
      Peak Allocated Bytes 333 B
      Overflow Count 0
[ALLOC_DEFAULT] Dual Thread Allocator
  Peak main deferred allocation count 24014
    [ALLOC_BUCKET]
      Large Block size 4.0 MB
      Used Block count 1
      Peak Allocated bytes 4.0 MB
      Failed Allocations. Bucket layout:
        16B: 10 Subsections = 10240 buckets. Failed count: 57933229
        32B: 31 Subsections = 15872 buckets. Failed count: 20325553
        48B: 39 Subsections = 13312 buckets. Failed count: 57656083
        64B: 38 Subsections = 9728 buckets. Failed count: 951395
        80B: 63 Subsections = 12902 buckets. Failed count: 12408487
        96B: 15 Subsections = 2560 buckets. Failed count: 15515835
        112B: 38 Subsections = 5558 buckets. Failed count: 320187
        128B: 22 Subsections = 2816 buckets. Failed count: 1233819
    [ALLOC_DEFAULT_MAIN]
      Peak usage frame count: [16.0 MB-32.0 MB]: 5017 frames, [32.0 MB-64.0 MB]: 460 frames, [128.0 MB-256.0 MB]: 60423 frames, [256.0 MB-0.50 GB]: 506053 frames
      Requested Block Size 16.0 MB
      Peak Block count 7
      Peak Allocated memory 290.5 MB
      Peak Large allocation bytes 213.5 MB
    [ALLOC_DEFAULT_THREAD]
      Peak usage frame count: [32.0 MB-64.0 MB]: 3296 frames, [64.0 MB-128.0 MB]: 31671 frames, [128.0 MB-256.0 MB]: 45604 frames, [256.0 MB-0.50 GB]: 491382 frames
      Requested Block Size 16.0 MB
      Peak Block count 9
      Peak Allocated memory 424.0 MB
      Peak Large allocation bytes 299.7 MB
[ALLOC_TEMP_JOB_1_FRAME]
  Initial Block Size 2.0 MB
  Used Block Count 1
  Overflow Count (too large) 0
  Overflow Count (full) 0
[ALLOC_TEMP_JOB_2_FRAMES]
  Initial Block Size 2.0 MB
  Used Block Count 0
  Overflow Count (too large) 0
  Overflow Count (full) 0
[ALLOC_TEMP_JOB_4_FRAMES (JobTemp)]
  Initial Block Size 2.0 MB
  Used Block Count 1
  Overflow Count (too large) 0
  Overflow Count (full) 10508
[ALLOC_TEMP_JOB_ASYNC (Background)]
  Initial Block Size 1.0 MB
  Used Block Count 1
  Overflow Count (too large) 0
  Overflow Count (full) 0
[ALLOC_GFX] Dual Thread Allocator
  Peak main deferred allocation count 84
    [ALLOC_BUCKET]
      Large Block size 4.0 MB
      Used Block count 1
      Peak Allocated bytes 4.0 MB
      Failed Allocations. Bucket layout:
        16B: 10 Subsections = 10240 buckets. Failed count: 57933229
        32B: 31 Subsections = 15872 buckets. Failed count: 20325553
        48B: 39 Subsections = 13312 buckets. Failed count: 57656083
        64B: 38 Subsections = 9728 buckets. Failed count: 951395
        80B: 63 Subsections = 12902 buckets. Failed count: 12408487
        96B: 15 Subsections = 2560 buckets. Failed count: 15515835
        112B: 38 Subsections = 5558 buckets. Failed count: 320187
        128B: 22 Subsections = 2816 buckets. Failed count: 1233819
    [ALLOC_GFX_MAIN]
      Peak usage frame count: [0.5 MB-1.0 MB]: 3872 frames, [1.0 MB-2.0 MB]: 1590 frames, [4.0 MB-8.0 MB]: 1 frames, [8.0 MB-16.0 MB]: 1 frames, [16.0 MB-32.0 MB]: 2 frames, [32.0 MB-64.0 MB]: 6 frames, [64.0 MB-128.0 MB]: 148505 frames, [128.0 MB-256.0 MB]: 417976 frames
      Requested Block Size 16.0 MB
      Peak Block count 16
      Peak Allocated memory 221.0 MB
      Peak Large allocation bytes 0 B
    [ALLOC_GFX_THREAD]
      Peak usage frame count: [8.0 MB-16.0 MB]: 4825 frames, [16.0 MB-32.0 MB]: 1 frames, [32.0 MB-64.0 MB]: 19 frames, [64.0 MB-128.0 MB]: 3301 frames, [128.0 MB-256.0 MB]: 563807 frames
      Requested Block Size 16.0 MB
      Peak Block count 13
      Peak Allocated memory 193.0 MB
      Peak Large allocation bytes 0 B
[ALLOC_CACHEOBJECTS] Dual Thread Allocator
  Peak main deferred allocation count 373
    [ALLOC_BUCKET]
      Large Block size 4.0 MB
      Used Block count 1
      Peak Allocated bytes 4.0 MB
      Failed Allocations. Bucket layout:
        16B: 10 Subsections = 10240 buckets. Failed count: 57933229
        32B: 31 Subsections = 15872 buckets. Failed count: 20325553
        48B: 39 Subsections = 13312 buckets. Failed count: 57656083
        64B: 38 Subsections = 9728 buckets. Failed count: 951395
        80B: 63 Subsections = 12902 buckets. Failed count: 12408487
        96B: 15 Subsections = 2560 buckets. Failed count: 15515835
        112B: 38 Subsections = 5558 buckets. Failed count: 320187
        128B: 22 Subsections = 2816 buckets. Failed count: 1233819
    [ALLOC_CACHEOBJECTS_MAIN]
      Peak usage frame count: [8.0 MB-16.0 MB]: 5461 frames, [16.0 MB-32.0 MB]: 566492 frames
      Requested Block Size 4.0 MB
      Peak Block count 7
      Peak Allocated memory 24.2 MB
      Peak Large allocation bytes 4.7 MB
    [ALLOC_CACHEOBJECTS_THREAD]
      Peak usage frame count: [64.0 MB-128.0 MB]: 5200 frames, [128.0 MB-256.0 MB]: 566753 frames
      Requested Block Size 4.0 MB
      Peak Block count 42
      Peak Allocated memory 191.1 MB
      Peak Large allocation bytes 89.1 MB
[ALLOC_TYPETREE] Dual Thread Allocator
  Peak main deferred allocation count 2
    [ALLOC_BUCKET]
      Large Block size 4.0 MB
      Used Block count 1
      Peak Allocated bytes 4.0 MB
      Failed Allocations. Bucket layout:
        16B: 10 Subsections = 10240 buckets. Failed count: 57933229
        32B: 31 Subsections = 15872 buckets. Failed count: 20325553
        48B: 39 Subsections = 13312 buckets. Failed count: 57656083
        64B: 38 Subsections = 9728 buckets. Failed count: 951395
        80B: 63 Subsections = 12902 buckets. Failed count: 12408487
        96B: 15 Subsections = 2560 buckets. Failed count: 15515835
        112B: 38 Subsections = 5558 buckets. Failed count: 320187
        128B: 22 Subsections = 2816 buckets. Failed count: 1233819
    [ALLOC_TYPETREE_MAIN]
      Peak usage frame count: [4.0 KB-8.0 KB]: 5034 frames, [8.0 KB-16.0 KB]: 566919 frames
      Requested Block Size 2.0 MB
      Peak Block count 1
      Peak Allocated memory 13.3 KB
      Peak Large allocation bytes 0 B
    [ALLOC_TYPETREE_THREAD]
      Peak usage frame count: [256.0 KB-0.5 MB]: 571953 frames
      Requested Block Size 2.0 MB
      Peak Block count 1
      Peak Allocated memory 485.3 KB
      Peak Large allocation bytes 0 B
